This file contains any messages produced by compilers while
running configure, to aid debugging if configure makes a mistake.

It was created by configure, which was
generated by GNU Autoconf 2.68.  Invocation command line was

  $ ./configure --enable-pocketmine

## --------- ##
## Platform. ##
## --------- ##

hostname = jenkins-pocketmine
uname -m = x86_64
uname -r = 2.6.32-26-pve
uname -s = Linux
uname -v = #1 SMP Mon Oct 14 08:22:20 CEST 2013

/usr/bin/uname -p = unknown
/bin/uname -X     = unknown

/bin/arch              = unknown
/usr/bin/arch -k       = unknown
/usr/convex/getsysinfo = unknown
/usr/bin/hostinfo      = unknown
/bin/machine           = unknown
/usr/bin/oslevel       = unknown
/bin/universe          = unknown

PATH: /usr/local/bin
PATH: /usr/bin
PATH: /bin
PATH: /usr/local/games
PATH: /usr/games


## ----------- ##
## Core tests. ##
## ----------- ##

configure:2104: checking for grep that handles long lines and -e
configure:2162: result: /bin/grep
configure:2167: checking for egrep
configure:2229: result: /bin/grep -E
configure:2234: checking for a sed that does not truncate output
configure:2298: result: /bin/sed
configure:2490: checking for C compiler version
configure:2499: gcc --version >&5
gcc (Ubuntu/Linaro 4.6.3-1ubuntu5) 4.6.3
Copyright (C) 2011 Free Software Foundation, Inc.
This is free software; see the source for copying conditions.  There is NO
warranty; not even for MERCHANTABILITY or FITNESS FOR A PARTICULAR PURPOSE.

configure:2510: $? = 0
configure:2499: gcc -v >&5
Using built-in specs.
COLLECT_GCC=gcc
COLLECT_LTO_WRAPPER=/usr/lib/gcc/x86_64-linux-gnu/4.6/lto-wrapper
Target: x86_64-linux-gnu
Configured with: ../src/configure -v --with-pkgversion='Ubuntu/Linaro 4.6.3-1ubuntu5' --with-bugurl=file:///usr/share/doc/gcc-4.6/README.Bugs --enable-languages=c,c++,fortran,objc,obj-c++ --prefix=/usr --program-suffix=-4.6 --enable-shared --enable-linker-build-id --with-system-zlib --libexecdir=/usr/lib --without-included-gettext --enable-threads=posix --with-gxx-include-dir=/usr/include/c++/4.6 --libdir=/usr/lib --enable-nls --with-sysroot=/ --enable-clocale=gnu --enable-libstdcxx-debug --enable-libstdcxx-time=yes --enable-gnu-unique-object --enable-plugin --enable-objc-gc --disable-werror --with-arch-32=i686 --with-tune=generic --enable-checking=release --build=x86_64-linux-gnu --host=x86_64-linux-gnu --target=x86_64-linux-gnu
Thread model: posix
gcc version 4.6.3 (Ubuntu/Linaro 4.6.3-1ubuntu5) 
configure:2510: $? = 0
configure:2499: gcc -V >&5
gcc: error: unrecognized option '-V'
gcc: fatal error: no input files
compilation terminated.
configure:2510: $? = 4
configure:2499: gcc -qversion >&5
gcc: error: unrecognized option '-qversion'
gcc: fatal error: no input files
compilation terminated.
configure:2510: $? = 4
configure:2530: checking whether the C compiler works
configure:2552: gcc -O2 -fvisibility=hidden -Wparentheses -flto   conftest.c  >&5
configure:2556: $? = 0
configure:2604: result: yes
configure:2607: checking for C compiler default output file name
configure:2609: result: a.out
configure:2615: checking for suffix of executables
configure:2622: gcc -o conftest -O2 -fvisibility=hidden -Wparentheses -flto   conftest.c  >&5
configure:2626: $? = 0
configure:2648: result: 
configure:2670: checking whether we are cross compiling
configure:2678: gcc -o conftest -O2 -fvisibility=hidden -Wparentheses -flto   conftest.c  >&5
configure:2682: $? = 0
configure:2689: ./conftest
configure:2693: $? = 0
configure:2708: result: no
configure:2713: checking for suffix of object files
configure:2735: gcc -c -O2 -fvisibility=hidden -Wparentheses -flto  conftest.c >&5
configure:2739: $? = 0
configure:2760: result: o
configure:2764: checking whether we are using the GNU C compiler
configure:2783: gcc -c -O2 -fvisibility=hidden -Wparentheses -flto  conftest.c >&5
configure:2783: $? = 0
configure:2792: result: yes
configure:2801: checking whether gcc accepts -g
configure:2821: gcc -c -g  conftest.c >&5
configure:2821: $? = 0
configure:2862: result: yes
configure:2879: checking for gcc option to accept ISO C89
configure:2943: gcc  -c -O2 -fvisibility=hidden -Wparentheses -flto  conftest.c >&5
configure:2943: $? = 0
configure:2956: result: none needed
configure:2982: checking how to run the C preprocessor
configure:3013: gcc -E  conftest.c
configure:3013: $? = 0
configure:3027: gcc -E  conftest.c
conftest.c:9:28: fatal error: ac_nonexistent.h: No such file or directory
compilation terminated.
configure:3027: $? = 1
configure: failed program was:
| /* confdefs.h */
| #define PACKAGE_NAME ""
| #define PACKAGE_TARNAME ""
| #define PACKAGE_VERSION ""
| #define PACKAGE_STRING ""
| #define PACKAGE_BUGREPORT ""
| #define PACKAGE_URL ""
| /* end confdefs.h.  */
| #include <ac_nonexistent.h>
configure:3052: result: gcc -E
configure:3072: gcc -E  conftest.c
configure:3072: $? = 0
configure:3086: gcc -E  conftest.c
conftest.c:9:28: fatal error: ac_nonexistent.h: No such file or directory
compilation terminated.
configure:3086: $? = 1
configure: failed program was:
| /* confdefs.h */
| #define PACKAGE_NAME ""
| #define PACKAGE_TARNAME ""
| #define PACKAGE_VERSION ""
| #define PACKAGE_STRING ""
| #define PACKAGE_BUGREPORT ""
| #define PACKAGE_URL ""
| /* end confdefs.h.  */
| #include <ac_nonexistent.h>
configure:3117: checking for icc
configure:3126: result: no
configure:3140: checking for suncc
configure:3149: result: no
configure:3164: checking whether gcc and cc understand -c and -o together
configure:3195: gcc -c conftest.c -o conftest2.o >&5
configure:3199: $? = 0
configure:3205: gcc -c conftest.c -o conftest2.o >&5
configure:3209: $? = 0
configure:3220: cc -c conftest.c >&5
configure:3224: $? = 0
configure:3232: cc -c conftest.c -o conftest2.o >&5
configure:3236: $? = 0
configure:3242: cc -c conftest.c -o conftest2.o >&5
configure:3246: $? = 0
configure:3264: result: yes
configure:3278: checking for system library directory
configure:3293: result: lib
configure:3300: checking if compiler supports -R
configure:3319: gcc -o conftest -O2 -fvisibility=hidden -Wparentheses -flto   conftest.c -R /usr/lib  >&5
gcc: error: unrecognized option '-R'
configure:3319: $? = 1
configure: failed program was:
| /* confdefs.h */
| #define PACKAGE_NAME ""
| #define PACKAGE_TARNAME ""
| #define PACKAGE_VERSION ""
| #define PACKAGE_STRING ""
| #define PACKAGE_BUGREPORT ""
| #define PACKAGE_URL ""
| /* end confdefs.h.  */
| 
| int
| main ()
| {
| 
|   ;
|   return 0;
| }
configure:3329: result: no
configure:3334: checking if compiler supports -Wl,-rpath,
configure:3353: gcc -o conftest -O2 -fvisibility=hidden -Wparentheses -flto   conftest.c -Wl,-rpath,/usr/lib  >&5
configure:3353: $? = 0
configure:3363: result: yes
configure:3408: checking build system type
configure:3422: result: x86_64-unknown-linux-gnu
configure:3442: checking host system type
configure:3455: result: x86_64-unknown-linux-gnu
configure:3475: checking target system type
configure:3488: result: x86_64-unknown-linux-gnu
configure:3591: checking for PHP prefix
configure:3593: result: /usr
configure:3595: checking for PHP includes
configure:3597: result: -I/usr/include/php5 -I/usr/include/php5/main -I/usr/include/php5/TSRM -I/usr/include/php5/Zend -I/usr/include/php5/ext -I/usr/include/php5/ext/date/lib
configure:3599: checking for PHP extension directory
configure:3601: result: /usr/lib/php5/20090626
configure:3603: checking for PHP installed headers prefix
configure:3605: result: /usr/include/php5
configure:3608: checking if debug is enabled
configure:3634: result: no
configure:3637: checking if zts is enabled
configure:3663: result: no
configure:3737: checking for re2c
configure:3753: found /usr/bin/re2c
configure:3764: result: re2c
configure:3773: checking for re2c version
configure:3787: result: 0.13.5 (ok)
configure:3806: checking for gawk
configure:3823: found /usr/bin/gawk
configure:3834: result: gawk
configure:3877: checking whether to enable pocketmine
configure:3916: result: yes, shared
configure:4224: checking whether HAVE_BUNDLED_PCRE is declared
configure:4224: gcc -c -O2 -fvisibility=hidden -Wparentheses -flto  -I/usr/include/php5 -I/usr/include/php5/main -I/usr/include/php5/TSRM -I/usr/include/php5/Zend -I/usr/include/php5/ext -I/usr/include/php5/ext/date/lib conftest.c >&5
conftest.c: In function 'main':
conftest.c:21:10: error: 'HAVE_BUNDLED_PCRE' undeclared (first use in this function)
conftest.c:21:10: note: each undeclared identifier is reported only once for each function it appears in
configure:4224: $? = 1
configure: failed program was:
| /* confdefs.h */
| #define PACKAGE_NAME ""
| #define PACKAGE_TARNAME ""
| #define PACKAGE_VERSION ""
| #define PACKAGE_STRING ""
| #define PACKAGE_BUGREPORT ""
| #define PACKAGE_URL ""
| #define HAVE_POCKETMINE 1
| #define COMPILE_DL_POCKETMINE 1
| /* end confdefs.h.  */
| #include "php_config.h"
| 
| 
| int
| main ()
| {
| #ifndef HAVE_BUNDLED_PCRE
| #ifdef __cplusplus
|   (void) HAVE_BUNDLED_PCRE;
| #else
|   (void) HAVE_BUNDLED_PCRE;
| #endif
| #endif
| 
|   ;
|   return 0;
| }
configure:4224: result: no
configure:4270: checking whether HAVE_JSON is declared
configure:4270: gcc -c -O2 -fvisibility=hidden -Wparentheses -flto  -I/usr/include/php5 -I/usr/include/php5/main -I/usr/include/php5/TSRM -I/usr/include/php5/Zend -I/usr/include/php5/ext -I/usr/include/php5/ext/date/lib conftest.c >&5
configure:4270: $? = 0
configure:4270: result: yes
configure:4277: checking for ext/json/php_json.h
configure:4277: gcc -c -O2 -fvisibility=hidden -Wparentheses -flto  -I/usr/include/php5 -I/usr/include/php5/main -I/usr/include/php5/TSRM -I/usr/include/php5/Zend -I/usr/include/php5/ext -I/usr/include/php5/ext/date/lib conftest.c >&5
configure:4277: $? = 0
configure:4277: result: yes
configure:4375: checking how to print strings
configure:4402: result: printf
configure:4423: checking for a sed that does not truncate output
configure:4487: result: /bin/sed
configure:4505: checking for fgrep
configure:4567: result: /bin/grep -F
configure:4602: checking for ld used by gcc
configure:4669: result: /usr/bin/ld
configure:4676: checking if the linker (/usr/bin/ld) is GNU ld
configure:4691: result: yes
configure:4703: checking for BSD- or MS-compatible name lister (nm)
configure:4752: result: /usr/bin/nm -B
configure:4882: checking the name lister (/usr/bin/nm -B) interface
configure:4889: gcc -c -O2 -fvisibility=hidden -Wparentheses -flto  conftest.c >&5
configure:4892: /usr/bin/nm -B "conftest.o"
configure:4895: output
0000000000000001 C __gnu_lto_v1
0000000000000000 B some_variable
configure:4902: result: BSD nm
configure:4905: checking whether ln -s works
configure:4909: result: yes
configure:4917: checking the maximum length of command line arguments
configure:5047: result: 1966080
configure:5064: checking whether the shell understands some XSI constructs
configure:5074: result: yes
configure:5078: checking whether the shell understands "+="
configure:5084: result: yes
configure:5119: checking how to convert x86_64-unknown-linux-gnu file names to x86_64-unknown-linux-gnu format
configure:5159: result: func_convert_file_noop
configure:5166: checking how to convert x86_64-unknown-linux-gnu file names to toolchain format
configure:5186: result: func_convert_file_noop
configure:5193: checking for /usr/bin/ld option to reload object files
configure:5200: result: -r
configure:5274: checking for objdump
configure:5290: found /usr/bin/objdump
configure:5301: result: objdump
configure:5333: checking how to recognize dependent libraries
configure:5535: result: pass_all
configure:5620: checking for dlltool
configure:5650: result: no
configure:5680: checking how to associate runtime and link libraries
configure:5707: result: printf %s\n
configure:5767: checking for ar
configure:5783: found /usr/bin/ar
configure:5794: result: ar
configure:5831: checking for archiver @FILE support
configure:5848: gcc -c -O2 -fvisibility=hidden -Wparentheses -flto  conftest.c >&5
configure:5848: $? = 0
configure:5851: ar cru libconftest.a @conftest.lst >&5
configure:5854: $? = 0
configure:5859: ar cru libconftest.a @conftest.lst >&5
ar: conftest.o: No such file or directory
configure:5862: $? = 1
configure:5874: result: @
configure:5932: checking for strip
configure:5948: found /usr/bin/strip
configure:5959: result: strip
configure:6031: checking for ranlib
configure:6047: found /usr/bin/ranlib
configure:6058: result: ranlib
configure:6135: checking for gawk
configure:6162: result: gawk
configure:6202: checking command to parse /usr/bin/nm -B output from gcc object
configure:6322: gcc -c -O2 -fvisibility=hidden -Wparentheses -flto  conftest.c >&5
configure:6325: $? = 0
configure:6329: /usr/bin/nm -B conftest.o \| sed -n -e 's/^.*[ ]\([ABCDGIRSTW][ABCDGIRSTW]*\)[ ][ ]*\([_A-Za-z][_A-Za-z0-9]*\)$/\1 \2 \2/p' | sed '/ __gnu_lto/d' \> conftest.nm
configure:6332: $? = 0
configure:6398: gcc -o conftest -O2 -fvisibility=hidden -Wparentheses -flto   conftest.c conftstm.o >&5
configure:6401: $? = 0
configure:6439: result: ok
configure:6476: checking for sysroot
configure:6506: result: no
configure:6583: gcc -c -O2 -fvisibility=hidden -Wparentheses -flto  conftest.c >&5
configure:6586: $? = 0
configure:6762: checking for mt
configure:6778: found /bin/mt
configure:6789: result: mt
configure:6812: checking if mt is a manifest tool
configure:6818: mt '-?'
configure:6826: result: no
configure:7463: checking for ANSI C header files
configure:7483: gcc -c -O2 -fvisibility=hidden -Wparentheses -flto  conftest.c >&5
configure:7483: $? = 0
configure:7556: gcc -o conftest -O2 -fvisibility=hidden -Wparentheses -flto   conftest.c  >&5
configure:7556: $? = 0
configure:7556: ./conftest
configure:7556: $? = 0
configure:7567: result: yes
configure:7580: checking for sys/types.h
configure:7580: gcc -c -O2 -fvisibility=hidden -Wparentheses -flto  conftest.c >&5
configure:7580: $? = 0
configure:7580: result: yes
configure:7580: checking for sys/stat.h
configure:7580: gcc -c -O2 -fvisibility=hidden -Wparentheses -flto  conftest.c >&5
configure:7580: $? = 0
configure:7580: result: yes
configure:7580: checking for stdlib.h
configure:7580: gcc -c -O2 -fvisibility=hidden -Wparentheses -flto  conftest.c >&5
configure:7580: $? = 0
configure:7580: result: yes
configure:7580: checking for string.h
configure:7580: gcc -c -O2 -fvisibility=hidden -Wparentheses -flto  conftest.c >&5
configure:7580: $? = 0
configure:7580: result: yes
configure:7580: checking for memory.h
configure:7580: gcc -c -O2 -fvisibility=hidden -Wparentheses -flto  conftest.c >&5
configure:7580: $? = 0
configure:7580: result: yes
configure:7580: checking for strings.h
configure:7580: gcc -c -O2 -fvisibility=hidden -Wparentheses -flto  conftest.c >&5
configure:7580: $? = 0
configure:7580: result: yes
configure:7580: checking for inttypes.h
configure:7580: gcc -c -O2 -fvisibility=hidden -Wparentheses -flto  conftest.c >&5
configure:7580: $? = 0
configure:7580: result: yes
configure:7580: checking for stdint.h
configure:7580: gcc -c -O2 -fvisibility=hidden -Wparentheses -flto  conftest.c >&5
configure:7580: $? = 0
configure:7580: result: yes
configure:7580: checking for unistd.h
configure:7580: gcc -c -O2 -fvisibility=hidden -Wparentheses -flto  conftest.c >&5
configure:7580: $? = 0
configure:7580: result: yes
configure:7594: checking for dlfcn.h
configure:7594: gcc -c -O2 -fvisibility=hidden -Wparentheses -flto  conftest.c >&5
configure:7594: $? = 0
configure:7594: result: yes
configure:7800: checking for objdir
configure:7815: result: .libs
configure:8086: checking if gcc supports -fno-rtti -fno-exceptions
configure:8104: gcc -c -O2 -fvisibility=hidden -Wparentheses -flto  -fno-rtti -fno-exceptions conftest.c >&5
cc1: warning: command line option '-fno-rtti' is valid for C++/ObjC++ but not for C [enabled by default]
configure:8108: $? = 0
configure:8121: result: no
configure:8448: checking for gcc option to produce PIC
configure:8455: result: -fPIC -DPIC
configure:8463: checking if gcc PIC flag -fPIC -DPIC works
configure:8481: gcc -c -O2 -fvisibility=hidden -Wparentheses -flto  -fPIC -DPIC -DPIC conftest.c >&5
configure:8485: $? = 0
configure:8498: result: yes
configure:8527: checking if gcc static flag -static works
configure:8555: result: yes
configure:8570: checking if gcc supports -c -o file.o
configure:8591: gcc -c -O2 -fvisibility=hidden -Wparentheses -flto  -o out/conftest2.o conftest.c >&5
configure:8595: $? = 0
configure:8617: result: yes
configure:8625: checking if gcc supports -c -o file.o
configure:8672: result: yes
configure:8705: checking whether the gcc linker (/usr/bin/ld -m elf_x86_64) supports shared libraries
configure:9862: result: yes
configure:9899: checking whether -lc should be explicitly linked in
configure:9907: gcc -c -O2 -fvisibility=hidden -Wparentheses -flto  conftest.c >&5
configure:9910: $? = 0
configure:9925: gcc -shared  -fPIC -DPIC conftest.o  -v -Wl,-soname -Wl,conftest -o conftest 2\>\&1 \| /bin/grep  -lc  \>/dev/null 2\>\&1
configure:9928: $? = 0
configure:9942: result: no
configure:10102: checking dynamic linker characteristics
configure:10613: gcc -o conftest -O2 -fvisibility=hidden -Wparentheses -flto   -Wl,-rpath -Wl,/foo conftest.c  >&5
configure:10613: $? = 0
configure:10847: result: GNU/Linux ld.so
configure:10954: checking how to hardcode library paths into programs
configure:10979: result: immediate
configure:11519: checking whether stripping libraries is possible
configure:11524: result: yes
configure:11559: checking if libtool supports shared libraries
configure:11561: result: yes
configure:11564: checking whether to build shared libraries
configure:11585: result: yes
configure:11588: checking whether to build static libraries
configure:11592: result: no
configure:11868: creating ./config.status

## ---------------------- ##
## Running config.status. ##
## ---------------------- ##

This file was extended by config.status, which was
generated by GNU Autoconf 2.68.  Invocation command line was

  CONFIG_FILES    = 
  CONFIG_HEADERS  = 
  CONFIG_LINKS    = 
  CONFIG_COMMANDS = 
  $ ./config.status 

on jenkins-pocketmine

config.status:901: creating config.h
config.status:1005: executing libtool commands

## ---------------- ##
## Cache variables. ##
## ---------------- ##

ac_cv_build=x86_64-unknown-linux-gnu
ac_cv_c_compiler_gnu=yes
ac_cv_env_CC_set=set
ac_cv_env_CC_value=gcc
ac_cv_env_CFLAGS_set=set
ac_cv_env_CFLAGS_value='-O2 -fvisibility=hidden -Wparentheses -flto'
ac_cv_env_CPPFLAGS_set=
ac_cv_env_CPPFLAGS_value=
ac_cv_env_CPP_set=
ac_cv_env_CPP_value=
ac_cv_env_LDFLAGS_set=
ac_cv_env_LDFLAGS_value=
ac_cv_env_LIBS_set=
ac_cv_env_LIBS_value=
ac_cv_env_build_alias_set=
ac_cv_env_build_alias_value=
ac_cv_env_host_alias_set=
ac_cv_env_host_alias_value=
ac_cv_env_target_alias_set=
ac_cv_env_target_alias_value=
ac_cv_have_decl_HAVE_BUNDLED_PCRE=no
ac_cv_have_decl_HAVE_JSON=yes
ac_cv_header_dlfcn_h=yes
ac_cv_header_ext_json_php_json_h=yes
ac_cv_header_inttypes_h=yes
ac_cv_header_memory_h=yes
ac_cv_header_stdc=yes
ac_cv_header_stdint_h=yes
ac_cv_header_stdlib_h=yes
ac_cv_header_string_h=yes
ac_cv_header_strings_h=yes
ac_cv_header_sys_stat_h=yes
ac_cv_header_sys_types_h=yes
ac_cv_header_unistd_h=yes
ac_cv_host=x86_64-unknown-linux-gnu
ac_cv_objext=o
ac_cv_path_EGREP='/bin/grep -E'
ac_cv_path_FGREP='/bin/grep -F'
ac_cv_path_GREP=/bin/grep
ac_cv_path_SED=/bin/sed
ac_cv_prog_AWK=gawk
ac_cv_prog_CPP='gcc -E'
ac_cv_prog_RE2C=re2c
ac_cv_prog_ac_ct_AR=ar
ac_cv_prog_ac_ct_MANIFEST_TOOL=mt
ac_cv_prog_ac_ct_OBJDUMP=objdump
ac_cv_prog_ac_ct_RANLIB=ranlib
ac_cv_prog_ac_ct_STRIP=strip
ac_cv_prog_cc_c89=
ac_cv_prog_cc_g=yes
ac_cv_prog_cc_gcc_c_o=yes
ac_cv_target=x86_64-unknown-linux-gnu
lt_cv_ar_at_file=@
lt_cv_archive_cmds_need_lc=no
lt_cv_deplibs_check_method=pass_all
lt_cv_file_magic_cmd='$MAGIC_CMD'
lt_cv_file_magic_test_file=
lt_cv_ld_reload_flag=-r
lt_cv_nm_interface='BSD nm'
lt_cv_objdir=.libs
lt_cv_path_LD=/usr/bin/ld
lt_cv_path_NM='/usr/bin/nm -B'
lt_cv_path_mainfest_tool=no
lt_cv_prog_compiler_c_o=yes
lt_cv_prog_compiler_pic='-fPIC -DPIC'
lt_cv_prog_compiler_pic_works=yes
lt_cv_prog_compiler_rtti_exceptions=no
lt_cv_prog_compiler_static_works=yes
lt_cv_prog_gnu_ld=yes
lt_cv_sharedlib_from_linklib_cmd='printf %s\n'
lt_cv_shlibpath_overrides_runpath=no
lt_cv_sys_global_symbol_pipe='sed -n -e '\''s/^.*[	 ]\([ABCDGIRSTW][ABCDGIRSTW]*\)[	 ][	 ]*\([_A-Za-z][_A-Za-z0-9]*\)$/\1 \2 \2/p'\'' | sed '\''/ __gnu_lto/d'\'''
lt_cv_sys_global_symbol_to_c_name_address='sed -n -e '\''s/^: \([^ ]*\)[ ]*$/  {\"\1\", (void *) 0},/p'\'' -e '\''s/^[ABCDGIRSTW]* \([^ ]*\) \([^ ]*\)$/  {"\2", (void *) \&\2},/p'\'''
lt_cv_sys_global_symbol_to_c_name_address_lib_prefix='sed -n -e '\''s/^: \([^ ]*\)[ ]*$/  {\"\1\", (void *) 0},/p'\'' -e '\''s/^[ABCDGIRSTW]* \([^ ]*\) \(lib[^ ]*\)$/  {"\2", (void *) \&\2},/p'\'' -e '\''s/^[ABCDGIRSTW]* \([^ ]*\) \([^ ]*\)$/  {"lib\2", (void *) \&\2},/p'\'''
lt_cv_sys_global_symbol_to_cdecl='sed -n -e '\''s/^T .* \(.*\)$/extern int \1();/p'\'' -e '\''s/^[ABCDGIRSTW]* .* \(.*\)$/extern char \1;/p'\'''
lt_cv_sys_max_cmd_len=1966080
lt_cv_to_host_file_cmd=func_convert_file_noop
lt_cv_to_tool_file_cmd=func_convert_file_noop
php_cv_cc_dashr=no
php_cv_cc_rpath=yes
php_cv_re2c_version='0.13.5 (ok)'

## ----------------- ##
## Output variables. ##
## ----------------- ##

AR='ar'
AWK='gawk'
CC='gcc'
CFLAGS='-O2 -fvisibility=hidden -Wparentheses -flto'
CONFIGURE_COMMAND=' '\''./configure'\''  '\''--enable-pocketmine'\'''
CONFIGURE_OPTIONS=' '\''--enable-pocketmine'\'''
CPP='gcc -E'
CPPFLAGS=' -DHAVE_CONFIG_H'
DEFS='-DHAVE_CONFIG_H'
DLLTOOL='false'
DSYMUTIL=''
DUMPBIN=''
ECHO_C=''
ECHO_N='-n'
ECHO_T=''
EGREP='/bin/grep -E'
EXEEXT=''
FGREP='/bin/grep -F'
GREP='/bin/grep'
LD='/usr/bin/ld -m elf_x86_64'
LDFLAGS=''
LIBOBJS=''
LIBS=''
LIBTOOL='$(SHELL) $(top_builddir)/libtool'
LIPO=''
LN_S='ln -s'
LTLIBOBJS=''
MANIFEST_TOOL=':'
NM='/usr/bin/nm -B'
NMEDIT=''
OBJDUMP='objdump'
OBJEXT='o'
OTOOL64=''
OTOOL=''
PACKAGE_BUGREPORT=''
PACKAGE_NAME=''
PACKAGE_STRING=''
PACKAGE_TARNAME=''
PACKAGE_URL=''
PACKAGE_VERSION=''
PATH_SEPARATOR=':'
RANLIB='ranlib'
RE2C='re2c'
SED='/bin/sed'
SHELL='/bin/bash'
SHLIB_DL_SUFFIX_NAME='so'
SHLIB_SUFFIX_NAME='so'
STRIP='strip'
ac_ct_AR='ar'
ac_ct_CC=''
ac_ct_DUMPBIN=''
bindir='${exec_prefix}/bin'
build='x86_64-unknown-linux-gnu'
build_alias=''
build_cpu='x86_64'
build_os='linux-gnu'
build_vendor='unknown'
datadir='${datarootdir}'
datarootdir='${prefix}/share'
docdir='${datarootdir}/doc/${PACKAGE}'
dvidir='${docdir}'
exec_prefix='$(prefix)'
host='x86_64-unknown-linux-gnu'
host_alias='x86_64-unknown-linux-gnu'
host_cpu='x86_64'
host_os='linux-gnu'
host_vendor='unknown'
htmldir='${docdir}'
includedir='${prefix}/include'
infodir='${datarootdir}/info'
libdir='${exec_prefix}/lib'
libexecdir='${exec_prefix}/libexec'
localedir='${datarootdir}/locale'
localstatedir='${prefix}/var'
mandir='${datarootdir}/man'
oldincludedir='/usr/include'
pdfdir='${docdir}'
prefix='/usr'
program_transform_name='s,x,x,'
psdir='${docdir}'
sbindir='${exec_prefix}/sbin'
sharedstatedir='${prefix}/com'
sysconfdir='${prefix}/etc'
target='x86_64-unknown-linux-gnu'
target_alias=''
target_cpu='x86_64'
target_os='linux-gnu'
target_vendor='unknown'

## ----------- ##
## confdefs.h. ##
## ----------- ##

/* confdefs.h */
#define PACKAGE_NAME ""
#define PACKAGE_TARNAME ""
#define PACKAGE_VERSION ""
#define PACKAGE_STRING ""
#define PACKAGE_BUGREPORT ""
#define PACKAGE_URL ""
#define HAVE_POCKETMINE 1
#define COMPILE_DL_POCKETMINE 1
#define HAVE_EXT_JSON_PHP_JSON_H 1
#define ZEPHIR_USE_PHP_JSON 1
#define STDC_HEADERS 1
#define HAVE_SYS_TYPES_H 1
#define HAVE_SYS_STAT_H 1
#define HAVE_STDLIB_H 1
#define HAVE_STRING_H 1
#define HAVE_MEMORY_H 1
#define HAVE_STRINGS_H 1
#define HAVE_INTTYPES_H 1
#define HAVE_STDINT_H 1
#define HAVE_UNISTD_H 1
#define HAVE_DLFCN_H 1
#define LT_OBJDIR ".libs/"

configure: exit 0
